app/build/intermediates/manifest_merge_blame_file/debug/manifest-merger-blame-debug-report.txt
1<?xml version="1.0" encoding="utf-8"?>
2<manifest xmlns:android="http://schemas.android.com/apk/res/android"
3    package="com.example.foodapp"
4    android:versionCode="1"
5    android:versionName="1.0" >
6
7    <uses-sdk
8        android:minSdkVersion="26"
9        android:targetSdkVersion="34" />
10
11    <uses-permission android:name="android.permission.INTERNET" />
11-->src\main\AndroidManifest.xml:6:5-67
11-->src\main\AndroidManifest.xml:6:22-64
12    <uses-permission
12-->src\main\AndroidManifest.xml:7:5-8:38
13        android:name="android.permission.READ_EXTERNAL_STORAGE"
13-->src\main\AndroidManifest.xml:7:22-77
14        android:maxSdkVersion="32" />
14-->src\main\AndroidManifest.xml:8:9-35
15    <uses-permission android:name="android.permission.READ_MEDIA_IMAGES" />
15-->src\main\AndroidManifest.xml:9:5-76
15-->src\main\AndroidManifest.xml:9:22-73
16    <uses-permission android:name="android.permission.ACCESS_NETWORK_STATE" />
16-->[com.google.firebase:firebase-auth:22.3.0] AndroidManifest.xml:26:5-79
16-->[com.google.firebase:firebase-auth:22.3.0] AndroidManifest.xml:26:22-76
17
18    <permission
18-->[androidx.core:core:1.12.0] AndroidManifest.xml:22:5-24:47
19        android:name="com.example.foodapp.DYNAMIC_RECEIVER_NOT_EXPORTED_PERMISSION"
19-->[androidx.core:core:1.12.0] AndroidManifest.xml:23:9-81
20        android:protectionLevel="signature" />
20-->[androidx.core:core:1.12.0] AndroidManifest.xml:24:9-44
21
22    <uses-permission android:name="com.example.foodapp.DYNAMIC_RECEIVER_NOT_EXPORTED_PERMISSION" />
22-->[androidx.core:core:1.12.0] AndroidManifest.xml:26:5-97
22-->[androidx.core:core:1.12.0] AndroidManifest.xml:26:22-94
23
24    <application
24-->src\main\AndroidManifest.xml:11:5-94:19
25        android:name="com.example.foodapp.FoodApp"
25-->src\main\AndroidManifest.xml:12:9-32
26        android:allowBackup="true"
26-->src\main\AndroidManifest.xml:13:9-35
27        android:appComponentFactory="androidx.core.app.CoreComponentFactory"
27-->[androidx.core:core:1.12.0] AndroidManifest.xml:28:18-86
28        android:dataExtractionRules="@xml/data_extraction_rules"
28-->src\main\AndroidManifest.xml:14:9-65
29        android:debuggable="true"
30        android:extractNativeLibs="false"
31        android:fullBackupContent="@xml/backup_rules"
31-->src\main\AndroidManifest.xml:15:9-54
32        android:icon="@mipmap/ic_launcher"
32-->src\main\AndroidManifest.xml:16:9-43
33        android:label="@string/app_name"
33-->src\main\AndroidManifest.xml:17:9-41
34        android:roundIcon="@mipmap/ic_launcher_round"
34-->src\main\AndroidManifest.xml:18:9-54
35        android:supportsRtl="true"
35-->src\main\AndroidManifest.xml:19:9-35
36        android:testOnly="true"
37        android:theme="@style/Theme.FoodApp"
37-->src\main\AndroidManifest.xml:20:9-45
38        android:usesCleartextTraffic="true" >
38-->src\main\AndroidManifest.xml:21:9-44
39        <activity
39-->src\main\AndroidManifest.xml:24:9-32:20
40            android:name="com.example.foodapp.LoginActivity"
40-->src\main\AndroidManifest.xml:25:13-42
41            android:exported="true"
41-->src\main\AndroidManifest.xml:26:13-36
42            android:theme="@style/Theme.FoodApp" >
42-->src\main\AndroidManifest.xml:27:13-49
43            <intent-filter>
43-->src\main\AndroidManifest.xml:28:13-31:29
44                <action android:name="android.intent.action.MAIN" />
44-->src\main\AndroidManifest.xml:29:17-69
44-->src\main\AndroidManifest.xml:29:25-66
45
46                <category android:name="android.intent.category.LAUNCHER" />
46-->src\main\AndroidManifest.xml:30:17-77
46-->src\main\AndroidManifest.xml:30:27-74
47            </intent-filter>
48        </activity>
49        <activity
49-->src\main\AndroidManifest.xml:34:9-37:52
50            android:name="com.example.foodapp.RegisterActivity"
50-->src\main\AndroidManifest.xml:35:13-45
51            android:exported="false"
51-->src\main\AndroidManifest.xml:36:13-37
52            android:theme="@style/Theme.FoodApp" />
52-->src\main\AndroidManifest.xml:37:13-49
53        <activity
53-->src\main\AndroidManifest.xml:39:9-42:52
54            android:name="com.example.foodapp.ForgotPasswordActivity"
54-->src\main\AndroidManifest.xml:40:13-51
55            android:exported="false"
55-->src\main\AndroidManifest.xml:41:13-37
56            android:theme="@style/Theme.FoodApp" />
56-->src\main\AndroidManifest.xml:42:13-49
57        <activity
57-->src\main\AndroidManifest.xml:44:9-47:52
58            android:name="com.example.foodapp.MainActivity"
58-->src\main\AndroidManifest.xml:45:13-41
59            android:exported="false"
59-->src\main\AndroidManifest.xml:46:13-37
60            android:theme="@style/Theme.FoodApp" />
60-->src\main\AndroidManifest.xml:47:13-49
61        <activity
61-->src\main\AndroidManifest.xml:49:9-52:52
62            android:name="com.example.foodapp.RecipeDetailActivity"
62-->src\main\AndroidManifest.xml:50:13-49
63            android:exported="false"
63-->src\main\AndroidManifest.xml:51:13-37
64            android:theme="@style/Theme.FoodApp" />
64-->src\main\AndroidManifest.xml:52:13-49
65        <activity
65-->src\main\AndroidManifest.xml:54:9-57:52
66            android:name="com.example.foodapp.RecipeInstructionsActivity"
66-->src\main\AndroidManifest.xml:55:13-55
67            android:exported="false"
67-->src\main\AndroidManifest.xml:56:13-37
68            android:theme="@style/Theme.FoodApp" />
68-->src\main\AndroidManifest.xml:57:13-49
69        <activity
69-->src\main\AndroidManifest.xml:59:9-62:52
70            android:name="com.example.foodapp.NutritionActivity"
70-->src\main\AndroidManifest.xml:60:13-46
71            android:exported="false"
71-->src\main\AndroidManifest.xml:61:13-37
72            android:theme="@style/Theme.FoodApp" />
72-->src\main\AndroidManifest.xml:62:13-49
73        <activity
73-->src\main\AndroidManifest.xml:64:9-67:52
74            android:name="com.example.foodapp.FavoritesActivity"
74-->src\main\AndroidManifest.xml:65:13-46
75            android:exported="false"
75-->src\main\AndroidManifest.xml:66:13-37
76            android:theme="@style/Theme.FoodApp" />
76-->src\main\AndroidManifest.xml:67:13-49
77        <activity
77-->src\main\AndroidManifest.xml:69:9-72:52
78            android:name="com.example.foodapp.AddRecipeActivity"
78-->src\main\AndroidManifest.xml:70:13-46
79            android:exported="false"
79-->src\main\AndroidManifest.xml:71:13-37
80            android:theme="@style/Theme.FoodApp" />
80-->src\main\AndroidManifest.xml:72:13-49
81        <activity
81-->src\main\AndroidManifest.xml:74:9-77:52
82            android:name="com.example.foodapp.ProfileActivity"
82-->src\main\AndroidManifest.xml:75:13-44
83            android:exported="false"
83-->src\main\AndroidManifest.xml:76:13-37
84            android:theme="@style/Theme.FoodApp" />
84-->src\main\AndroidManifest.xml:77:13-49
85        <activity
85-->src\main\AndroidManifest.xml:79:9-82:52
86            android:name="com.example.foodapp.MyRecipesActivity"
86-->src\main\AndroidManifest.xml:80:13-46
87            android:exported="false"
87-->src\main\AndroidManifest.xml:81:13-37
88            android:theme="@style/Theme.FoodApp" />
88-->src\main\AndroidManifest.xml:82:13-49
89        <activity
89-->src\main\AndroidManifest.xml:84:9-87:52
90            android:name="com.example.foodapp.EditProfileActivity"
90-->src\main\AndroidManifest.xml:85:13-48
91            android:exported="false"
91-->src\main\AndroidManifest.xml:86:13-37
92            android:theme="@style/Theme.FoodApp" />
92-->src\main\AndroidManifest.xml:87:13-49
93        <activity
93-->src\main\AndroidManifest.xml:89:9-92:52
94            android:name="com.example.foodapp.SettingsActivity"
94-->src\main\AndroidManifest.xml:90:13-45
95            android:exported="false"
95-->src\main\AndroidManifest.xml:91:13-37
96            android:theme="@style/Theme.FoodApp" />
96-->src\main\AndroidManifest.xml:92:13-49
97        <activity
97-->[com.google.android.gms:play-services-auth:20.7.0] AndroidManifest.xml:23:9-27:75
98            android:name="com.google.android.gms.auth.api.signin.internal.SignInHubActivity"
98-->[com.google.android.gms:play-services-auth:20.7.0] AndroidManifest.xml:24:13-93
99            android:excludeFromRecents="true"
99-->[com.google.android.gms:play-services-auth:20.7.0] AndroidManifest.xml:25:13-46
100            android:exported="false"
100-->[com.google.android.gms:play-services-auth:20.7.0] AndroidManifest.xml:26:13-37
101            android:theme="@android:style/Theme.Translucent.NoTitleBar" />
101-->[com.google.android.gms:play-services-auth:20.7.0] AndroidManifest.xml:27:13-72
102        <!--
103            Service handling Google Sign-In user revocation. For apps that do not integrate with
104            Google Sign-In, this service will never be started.
105        -->
106        <service
106-->[com.google.android.gms:play-services-auth:20.7.0] AndroidManifest.xml:33:9-37:51
107            android:name="com.google.android.gms.auth.api.signin.RevocationBoundService"
107-->[com.google.android.gms:play-services-auth:20.7.0] AndroidManifest.xml:34:13-89
108            android:exported="true"
108-->[com.google.android.gms:play-services-auth:20.7.0] AndroidManifest.xml:35:13-36
109            android:permission="com.google.android.gms.auth.api.signin.permission.REVOCATION_NOTIFICATION"
109-->[com.google.android.gms:play-services-auth:20.7.0] AndroidManifest.xml:36:13-107
110            android:visibleToInstantApps="true" />
110-->[com.google.android.gms:play-services-auth:20.7.0] AndroidManifest.xml:37:13-48
111
112        <activity
112-->[com.google.firebase:firebase-auth:22.3.0] AndroidManifest.xml:29:9-46:20
113            android:name="com.google.firebase.auth.internal.GenericIdpActivity"
113-->[com.google.firebase:firebase-auth:22.3.0] AndroidManifest.xml:30:13-80
114            android:excludeFromRecents="true"
114-->[com.google.firebase:firebase-auth:22.3.0] AndroidManifest.xml:31:13-46
115            android:exported="true"
115-->[com.google.firebase:firebase-auth:22.3.0] AndroidManifest.xml:32:13-36
116            android:launchMode="singleTask"
116-->[com.google.firebase:firebase-auth:22.3.0] AndroidManifest.xml:33:13-44
117            android:theme="@android:style/Theme.Translucent.NoTitleBar" >
117-->[com.google.firebase:firebase-auth:22.3.0] AndroidManifest.xml:34:13-72
118            <intent-filter>
118-->[com.google.firebase:firebase-auth:22.3.0] AndroidManifest.xml:35:13-45:29
119                <action android:name="android.intent.action.VIEW" />
119-->[com.google.firebase:firebase-auth:22.3.0] AndroidManifest.xml:36:17-69
119-->[com.google.firebase:firebase-auth:22.3.0] AndroidManifest.xml:36:25-66
120
121                <category android:name="android.intent.category.DEFAULT" />
121-->[com.google.firebase:firebase-auth:22.3.0] AndroidManifest.xml:38:17-76
121-->[com.google.firebase:firebase-auth:22.3.0] AndroidManifest.xml:38:27-73
122                <category android:name="android.intent.category.BROWSABLE" />
122-->[com.google.firebase:firebase-auth:22.3.0] AndroidManifest.xml:39:17-78
122-->[com.google.firebase:firebase-auth:22.3.0] AndroidManifest.xml:39:27-75
123
124                <data
124-->[com.google.firebase:firebase-auth:22.3.0] AndroidManifest.xml:41:17-44:51
125                    android:host="firebase.auth"
125-->[com.google.firebase:firebase-auth:22.3.0] AndroidManifest.xml:42:21-49
126                    android:path="/"
126-->[com.google.firebase:firebase-auth:22.3.0] AndroidManifest.xml:43:21-37
127                    android:scheme="genericidp" />
127-->[com.google.firebase:firebase-auth:22.3.0] AndroidManifest.xml:44:21-48
128            </intent-filter>
129        </activity>
130        <activity
130-->[com.google.firebase:firebase-auth:22.3.0] AndroidManifest.xml:47:9-64:20
131            android:name="com.google.firebase.auth.internal.RecaptchaActivity"
131-->[com.google.firebase:firebase-auth:22.3.0] AndroidManifest.xml:48:13-79
132            android:excludeFromRecents="true"
132-->[com.google.firebase:firebase-auth:22.3.0] AndroidManifest.xml:49:13-46
133            android:exported="true"
133-->[com.google.firebase:firebase-auth:22.3.0] AndroidManifest.xml:50:13-36
134            android:launchMode="singleTask"
134-->[com.google.firebase:firebase-auth:22.3.0] AndroidManifest.xml:51:13-44
135            android:theme="@android:style/Theme.Translucent.NoTitleBar" >
135-->[com.google.firebase:firebase-auth:22.3.0] AndroidManifest.xml:52:13-72
136            <intent-filter>
136-->[com.google.firebase:firebase-auth:22.3.0] AndroidManifest.xml:53:13-63:29
137                <action android:name="android.intent.action.VIEW" />
137-->[com.google.firebase:firebase-auth:22.3.0] AndroidManifest.xml:36:17-69
137-->[com.google.firebase:firebase-auth:22.3.0] AndroidManifest.xml:36:25-66
138
139                <category android:name="android.intent.category.DEFAULT" />
139-->[com.google.firebase:firebase-auth:22.3.0] AndroidManifest.xml:38:17-76
139-->[com.google.firebase:firebase-auth:22.3.0] AndroidManifest.xml:38:27-73
140                <category android:name="android.intent.category.BROWSABLE" />
140-->[com.google.firebase:firebase-auth:22.3.0] AndroidManifest.xml:39:17-78
140-->[com.google.firebase:firebase-auth:22.3.0] AndroidManifest.xml:39:27-75
141
142                <data
142-->[com.google.firebase:firebase-auth:22.3.0] AndroidManifest.xml:41:17-44:51
143                    android:host="firebase.auth"
143-->[com.google.firebase:firebase-auth:22.3.0] AndroidManifest.xml:42:21-49
144                    android:path="/"
144-->[com.google.firebase:firebase-auth:22.3.0] AndroidManifest.xml:43:21-37
145                    android:scheme="recaptcha" />
145-->[com.google.firebase:firebase-auth:22.3.0] AndroidManifest.xml:44:21-48
146            </intent-filter>
147        </activity>
148
149        <service
149-->[com.google.firebase:firebase-auth:22.3.0] AndroidManifest.xml:66:9-72:19
150            android:name="com.google.firebase.components.ComponentDiscoveryService"
150-->[com.google.firebase:firebase-auth:22.3.0] AndroidManifest.xml:67:13-84
151            android:directBootAware="true"
151-->[com.google.firebase:firebase-common:20.4.2] AndroidManifest.xml:32:13-43
152            android:exported="false" >
152-->[com.google.firebase:firebase-auth:22.3.0] AndroidManifest.xml:68:13-37
153            <meta-data
153-->[com.google.firebase:firebase-auth:22.3.0] AndroidManifest.xml:69:13-71:85
154                android:name="com.google.firebase.components:com.google.firebase.auth.FirebaseAuthRegistrar"
154-->[com.google.firebase:firebase-auth:22.3.0] AndroidManifest.xml:70:17-109
155                android:value="com.google.firebase.components.ComponentRegistrar" />
155-->[com.google.firebase:firebase-auth:22.3.0] AndroidManifest.xml:71:17-82
156            <meta-data
156-->[com.google.firebase:firebase-firestore:24.10.0] AndroidManifest.xml:17:13-19:85
157                android:name="com.google.firebase.components:com.google.firebase.firestore.FirebaseFirestoreKtxRegistrar"
157-->[com.google.firebase:firebase-firestore:24.10.0] AndroidManifest.xml:18:17-122
158                android:value="com.google.firebase.components.ComponentRegistrar" />
158-->[com.google.firebase:firebase-firestore:24.10.0] AndroidManifest.xml:19:17-82
159            <meta-data
159-->[com.google.firebase:firebase-firestore:24.10.0] AndroidManifest.xml:20:13-22:85
160                android:name="com.google.firebase.components:com.google.firebase.firestore.FirestoreRegistrar"
160-->[com.google.firebase:firebase-firestore:24.10.0] AndroidManifest.xml:21:17-111
161                android:value="com.google.firebase.components.ComponentRegistrar" />
161-->[com.google.firebase:firebase-firestore:24.10.0] AndroidManifest.xml:22:17-82
162            <meta-data
162-->[com.google.firebase:firebase-storage:20.3.0] AndroidManifest.xml:30:13-32:85
163                android:name="com.google.firebase.components:com.google.firebase.storage.FirebaseStorageKtxRegistrar"
163-->[com.google.firebase:firebase-storage:20.3.0] AndroidManifest.xml:31:17-118
164                android:value="com.google.firebase.components.ComponentRegistrar" />
164-->[com.google.firebase:firebase-storage:20.3.0] AndroidManifest.xml:32:17-82
165            <meta-data
165-->[com.google.firebase:firebase-storage:20.3.0] AndroidManifest.xml:33:13-35:85
166                android:name="com.google.firebase.components:com.google.firebase.storage.StorageRegistrar"
166-->[com.google.firebase:firebase-storage:20.3.0] AndroidManifest.xml:34:17-107
167                android:value="com.google.firebase.components.ComponentRegistrar" />
167-->[com.google.firebase:firebase-storage:20.3.0] AndroidManifest.xml:35:17-82
168            <meta-data
168-->[com.google.firebase:firebase-appcheck:17.1.1] AndroidManifest.xml:25:13-27:85
169                android:name="com.google.firebase.components:com.google.firebase.appcheck.FirebaseAppCheckKtxRegistrar"
169-->[com.google.firebase:firebase-appcheck:17.1.1] AndroidManifest.xml:26:17-120
170                android:value="com.google.firebase.components.ComponentRegistrar" />
170-->[com.google.firebase:firebase-appcheck:17.1.1] AndroidManifest.xml:27:17-82
171            <meta-data
171-->[com.google.firebase:firebase-appcheck:17.1.1] AndroidManifest.xml:28:13-30:85
172                android:name="com.google.firebase.components:com.google.firebase.appcheck.FirebaseAppCheckRegistrar"
172-->[com.google.firebase:firebase-appcheck:17.1.1] AndroidManifest.xml:29:17-117
173                android:value="com.google.firebase.components.ComponentRegistrar" />
173-->[com.google.firebase:firebase-appcheck:17.1.1] AndroidManifest.xml:30:17-82
174            <meta-data
174-->[com.google.firebase:firebase-common-ktx:20.4.2] AndroidManifest.xml:12:13-14:85
175                android:name="com.google.firebase.components:com.google.firebase.ktx.FirebaseCommonLegacyRegistrar"
175-->[com.google.firebase:firebase-common-ktx:20.4.2] AndroidManifest.xml:13:17-116
176                android:value="com.google.firebase.components.ComponentRegistrar" />
176-->[com.google.firebase:firebase-common-ktx:20.4.2] AndroidManifest.xml:14:17-82
177            <meta-data
177-->[com.google.firebase:firebase-common:20.4.2] AndroidManifest.xml:35:13-37:85
178                android:name="com.google.firebase.components:com.google.firebase.FirebaseCommonKtxRegistrar"
178-->[com.google.firebase:firebase-common:20.4.2] AndroidManifest.xml:36:17-109
179                android:value="com.google.firebase.components.ComponentRegistrar" />
179-->[com.google.firebase:firebase-common:20.4.2] AndroidManifest.xml:37:17-82
180        </service>
181
182        <activity
182-->[com.google.android.gms:play-services-base:18.0.1] AndroidManifest.xml:20:9-22:45
183            android:name="com.google.android.gms.common.api.GoogleApiActivity"
183-->[com.google.android.gms:play-services-base:18.0.1] AndroidManifest.xml:20:19-85
184            android:exported="false"
184-->[com.google.android.gms:play-services-base:18.0.1] AndroidManifest.xml:22:19-43
185            android:theme="@android:style/Theme.Translucent.NoTitleBar" />
185-->[com.google.android.gms:play-services-base:18.0.1] AndroidManifest.xml:21:19-78
186
187        <provider
187-->[com.google.firebase:firebase-common:20.4.2] AndroidManifest.xml:23:9-28:39
188            android:name="com.google.firebase.provider.FirebaseInitProvider"
188-->[com.google.firebase:firebase-common:20.4.2] AndroidManifest.xml:24:13-77
189            android:authorities="com.example.foodapp.firebaseinitprovider"
189-->[com.google.firebase:firebase-common:20.4.2] AndroidManifest.xml:25:13-72
190            android:directBootAware="true"
190-->[com.google.firebase:firebase-common:20.4.2] AndroidManifest.xml:26:13-43
191            android:exported="false"
191-->[com.google.firebase:firebase-common:20.4.2] AndroidManifest.xml:27:13-37
192            android:initOrder="100" />
192-->[com.google.firebase:firebase-common:20.4.2] AndroidManifest.xml:28:13-36
193        <provider
193-->[androidx.emoji2:emoji2:1.2.0] AndroidManifest.xml:24:9-32:20
194            android:name="androidx.startup.InitializationProvider"
194-->[androidx.emoji2:emoji2:1.2.0] AndroidManifest.xml:25:13-67
195            android:authorities="com.example.foodapp.androidx-startup"
195-->[androidx.emoji2:emoji2:1.2.0] AndroidManifest.xml:26:13-68
196            android:exported="false" >
196-->[androidx.emoji2:emoji2:1.2.0] AndroidManifest.xml:27:13-37
197            <meta-data
197-->[androidx.emoji2:emoji2:1.2.0] AndroidManifest.xml:29:13-31:52
198                android:name="androidx.emoji2.text.EmojiCompatInitializer"
198-->[androidx.emoji2:emoji2:1.2.0] AndroidManifest.xml:30:17-75
199                android:value="androidx.startup" />
199-->[androidx.emoji2:emoji2:1.2.0] AndroidManifest.xml:31:17-49
200            <meta-data
200-->[androidx.lifecycle:lifecycle-process:2.6.1] AndroidManifest.xml:29:13-31:52
201                android:name="androidx.lifecycle.ProcessLifecycleInitializer"
201-->[androidx.lifecycle:lifecycle-process:2.6.1] AndroidManifest.xml:30:17-78
202                android:value="androidx.startup" />
202-->[androidx.lifecycle:lifecycle-process:2.6.1] AndroidManifest.xml:31:17-49
203            <meta-data
203-->[androidx.profileinstaller:profileinstaller:1.3.0] AndroidManifest.xml:29:13-31:52
204                android:name="androidx.profileinstaller.ProfileInstallerInitializer"
204-->[androidx.profileinstaller:profileinstaller:1.3.0] AndroidManifest.xml:30:17-85
205                android:value="androidx.startup" />
205-->[androidx.profileinstaller:profileinstaller:1.3.0] AndroidManifest.xml:31:17-49
206        </provider>
207
208        <meta-data
208-->[com.google.android.gms:play-services-basement:18.2.0] AndroidManifest.xml:21:9-23:69
209            android:name="com.google.android.gms.version"
209-->[com.google.android.gms:play-services-basement:18.2.0] AndroidManifest.xml:22:13-58
210            android:value="@integer/google_play_services_version" />
210-->[com.google.android.gms:play-services-basement:18.2.0] AndroidManifest.xml:23:13-66
211
212        <receiver
212-->[androidx.profileinstaller:profileinstaller:1.3.0] AndroidManifest.xml:34:9-52:20
213            android:name="androidx.profileinstaller.ProfileInstallReceiver"
213-->[androidx.profileinstaller:profileinstaller:1.3.0] AndroidManifest.xml:35:13-76
214            android:directBootAware="false"
214-->[androidx.profileinstaller:profileinstaller:1.3.0] AndroidManifest.xml:36:13-44
215            android:enabled="true"
215-->[androidx.profileinstaller:profileinstaller:1.3.0] AndroidManifest.xml:37:13-35
216            android:exported="true"
216-->[androidx.profileinstaller:profileinstaller:1.3.0] AndroidManifest.xml:38:13-36
217            android:permission="android.permission.DUMP" >
217-->[androidx.profileinstaller:profileinstaller:1.3.0] AndroidManifest.xml:39:13-57
218            <intent-filter>
218-->[androidx.profileinstaller:profileinstaller:1.3.0] AndroidManifest.xml:40:13-42:29
219                <action android:name="androidx.profileinstaller.action.INSTALL_PROFILE" />
219-->[androidx.profileinstaller:profileinstaller:1.3.0] AndroidManifest.xml:41:17-91
219-->[androidx.profileinstaller:profileinstaller:1.3.0] AndroidManifest.xml:41:25-88
220            </intent-filter>
221            <intent-filter>
221-->[androidx.profileinstaller:profileinstaller:1.3.0] AndroidManifest.xml:43:13-45:29
222                <action android:name="androidx.profileinstaller.action.SKIP_FILE" />
222-->[androidx.profileinstaller:profileinstaller:1.3.0] AndroidManifest.xml:44:17-85
222-->[androidx.profileinstaller:profileinstaller:1.3.0] AndroidManifest.xml:44:25-82
223            </intent-filter>
224            <intent-filter>
224-->[androidx.profileinstaller:profileinstaller:1.3.0] AndroidManifest.xml:46:13-48:29
225                <action android:name="androidx.profileinstaller.action.SAVE_PROFILE" />
225-->[androidx.profileinstaller:profileinstaller:1.3.0] AndroidManifest.xml:47:17-88
225-->[androidx.profileinstaller:profileinstaller:1.3.0] AndroidManifest.xml:47:25-85
226            </intent-filter>
227            <intent-filter>
227-->[androidx.profileinstaller:profileinstaller:1.3.0] AndroidManifest.xml:49:13-51:29
228                <action android:name="androidx.profileinstaller.action.BENCHMARK_OPERATION" />
228-->[androidx.profileinstaller:profileinstaller:1.3.0] AndroidManifest.xml:50:17-95
228-->[androidx.profileinstaller:profileinstaller:1.3.0] AndroidManifest.xml:50:25-92
229            </intent-filter>
230        </receiver>
231    </application>
232
233</manifest>